<?xml version="1.0" encoding="UTF-8"?>
<testng-results ignored="0" total="3" passed="3" failed="0" skipped="0">
  <reporter-output>
  </reporter-output>
  <suite started-at="2026-02-01T04:55:19 IST" name="Suite" finished-at="2026-02-01T04:55:34 IST" duration-ms="14715">
    <groups>
    </groups>
    <test started-at="2026-02-01T04:55:19 IST" name="ChromeTest" finished-at="2026-02-01T04:55:32 IST" duration-ms="13165">
      <class name="com.DockerTestUsingGrid.AmazonGridTest">
        <test-method signature="browserTest(java.lang.String)[pri:0, instance:com.DockerTestUsingGrid.AmazonGridTest@6f1de4c7]" started-at="2026-02-01T04:55:19 IST" name="browserTest" finished-at="2026-02-01T04:55:32 IST" duration-ms="13102" status="PASS">
          <params>
            <param index="0">
              <value>
                <![CDATA[chrome]]>
              </value>
            </param>
          </params>
          <reporter-output>
          </reporter-output>
        </test-method> <!-- browserTest -->
      </class> <!-- com.DockerTestUsingGrid.AmazonGridTest -->
    </test> <!-- ChromeTest -->
    <test started-at="2026-02-01T04:55:19 IST" name="EdgeTest" finished-at="2026-02-01T04:55:33 IST" duration-ms="14173">
      <class name="com.DockerTestUsingGrid.AmazonGridTest">
        <test-method signature="browserTest(java.lang.String)[pri:0, instance:com.DockerTestUsingGrid.AmazonGridTest@3b0090a4]" started-at="2026-02-01T04:55:19 IST" name="browserTest" finished-at="2026-02-01T04:55:33 IST" duration-ms="14117" status="PASS">
          <params>
            <param index="0">
              <value>
                <![CDATA[edge]]>
              </value>
            </param>
          </params>
          <reporter-output>
          </reporter-output>
        </test-method> <!-- browserTest -->
      </class> <!-- com.DockerTestUsingGrid.AmazonGridTest -->
    </test> <!-- EdgeTest -->
    <test started-at="2026-02-01T04:55:19 IST" name="FirefoxTest" finished-at="2026-02-01T04:55:34 IST" duration-ms="14715">
      <class name="com.DockerTestUsingGrid.AmazonGridTest">
        <test-method signature="browserTest(java.lang.String)[pri:0, instance:com.DockerTestUsingGrid.AmazonGridTest@9d5509a]" started-at="2026-02-01T04:55:19 IST" name="browserTest" finished-at="2026-02-01T04:55:34 IST" duration-ms="14657" status="PASS">
          <params>
            <param index="0">
              <value>
                <![CDATA[firefox]]>
              </value>
            </param>
          </params>
          <reporter-output>
          </reporter-output>
        </test-method> <!-- browserTest -->
      </class> <!-- com.DockerTestUsingGrid.AmazonGridTest -->
    </test> <!-- FirefoxTest -->
  </suite> <!-- Suite -->
</testng-results>
