<?xml version="1.0" encoding="UTF-8"?>
<testng-results ignored="0" total="3" passed="3" failed="0" skipped="0">
  <reporter-output>
  </reporter-output>
  <suite started-at="2026-02-01T05:07:49 IST" name="Suite" finished-at="2026-02-01T05:08:05 IST" duration-ms="15909">
    <groups>
    </groups>
    <test started-at="2026-02-01T05:07:49 IST" name="ChromeTest" finished-at="2026-02-01T05:08:03 IST" duration-ms="14344">
      <class name="com.DockerTestUsingGrid.AmazonGridTest">
        <test-method signature="crossBrowserTest(java.lang.String)[pri:0, instance:com.DockerTestUsingGrid.AmazonGridTest@6f1de4c7]" started-at="2026-02-01T05:07:49 IST" name="crossBrowserTest" finished-at="2026-02-01T05:08:03 IST" duration-ms="14277" status="PASS">
          <params>
            <param index="0">
              <value>
                <![CDATA[chrome]]>
              </value>
            </param>
          </params>
          <reporter-output>
          </reporter-output>
        </test-method> <!-- crossBrowserTest -->
      </class> <!-- com.DockerTestUsingGrid.AmazonGridTest -->
    </test> <!-- ChromeTest -->
    <test started-at="2026-02-01T05:07:49 IST" name="EdgeTest" finished-at="2026-02-01T05:08:04 IST" duration-ms="15417">
      <class name="com.DockerTestUsingGrid.AmazonGridTest">
        <test-method signature="crossBrowserTest(java.lang.String)[pri:0, instance:com.DockerTestUsingGrid.AmazonGridTest@3b0090a4]" started-at="2026-02-01T05:07:49 IST" name="crossBrowserTest" finished-at="2026-02-01T05:08:04 IST" duration-ms="15358" status="PASS">
          <params>
            <param index="0">
              <value>
                <![CDATA[edge]]>
              </value>
            </param>
          </params>
          <reporter-output>
          </reporter-output>
        </test-method> <!-- crossBrowserTest -->
      </class> <!-- com.DockerTestUsingGrid.AmazonGridTest -->
    </test> <!-- EdgeTest -->
    <test started-at="2026-02-01T05:07:49 IST" name="FirefoxTest" finished-at="2026-02-01T05:08:05 IST" duration-ms="15909">
      <class name="com.DockerTestUsingGrid.AmazonGridTest">
        <test-method signature="crossBrowserTest(java.lang.String)[pri:0, instance:com.DockerTestUsingGrid.AmazonGridTest@9d5509a]" started-at="2026-02-01T05:07:49 IST" name="crossBrowserTest" finished-at="2026-02-01T05:08:05 IST" duration-ms="15848" status="PASS">
          <params>
            <param index="0">
              <value>
                <![CDATA[firefox]]>
              </value>
            </param>
          </params>
          <reporter-output>
          </reporter-output>
        </test-method> <!-- crossBrowserTest -->
      </class> <!-- com.DockerTestUsingGrid.AmazonGridTest -->
    </test> <!-- FirefoxTest -->
  </suite> <!-- Suite -->
</testng-results>
