<?xml version="1.0" encoding="UTF-8"?>
<!-- Generated by org.testng.reporters.JUnitReportReporter -->
<testsuite hostname="LAPTOP-7CHKJQGA" failures="0" tests="3" name="com.DockerTestUsingGrid.AmazonGridTest" time="41.876" errors="0" timestamp="2026-02-01T04:55:34 IST" skipped="0">
  <testcase classname="com.DockerTestUsingGrid.AmazonGridTest" name="browserTest" time="14.657"/>
  <testcase classname="com.DockerTestUsingGrid.AmazonGridTest" name="browserTest" time="13.102"/>
  <testcase classname="com.DockerTestUsingGrid.AmazonGridTest" name="browserTest" time="14.117"/>
</testsuite> <!-- com.DockerTestUsingGrid.AmazonGridTest -->
