<?xml version="1.0" encoding="UTF-8"?>
<!-- Generated by org.testng.reporters.JUnitReportReporter -->
<testsuite hostname="LAPTOP-7CHKJQGA" failures="0" tests="3" name="com.DockerTestUsingGrid.AmazonGridTest" time="44.891" errors="0" timestamp="2026-02-01T04:26:57 IST" skipped="0">
  <testcase classname="com.DockerTestUsingGrid.AmazonGridTest" name="browserTest" time="13.399"/>
  <testcase classname="com.DockerTestUsingGrid.AmazonGridTest" name="browserTest" time="14.569"/>
  <testcase classname="com.DockerTestUsingGrid.AmazonGridTest" name="browserTest" time="16.923"/>
</testsuite> <!-- com.DockerTestUsingGrid.AmazonGridTest -->
