<?xml version="1.0" encoding="UTF-8"?>
<!-- Generated by org.testng.reporters.JUnitReportReporter -->
<testsuite hostname="LAPTOP-7CHKJQGA" failures="0" tests="3" name="com.DockerTestUsingGrid.AmazonGridTest" time="45.483" errors="0" timestamp="2026-02-01T05:08:05 IST" skipped="0">
  <testcase classname="com.DockerTestUsingGrid.AmazonGridTest" name="crossBrowserTest" time="15.358"/>
  <testcase classname="com.DockerTestUsingGrid.AmazonGridTest" name="crossBrowserTest" time="14.277"/>
  <testcase classname="com.DockerTestUsingGrid.AmazonGridTest" name="crossBrowserTest" time="15.848"/>
</testsuite> <!-- com.DockerTestUsingGrid.AmazonGridTest -->
